The system is: Linux - 3.13.0-85-generic - x86_64
Compiling the C compiler identification source file "CMakeCCompilerId.c" succeeded.
Compiler: /usr/bin/cc 
Build flags: -Wall;-Wextra;-std=c99;-fopenmp;-g;-fPIC
Id flags: 

The output was:
0


Compilation of the C compiler identification source "CMakeCCompilerId.c" produced "a.out"

The C compiler identification is GNU, found in "/home/jli/Work/SpTOL/build/CMakeFiles/3.2.2/CompilerIdC/a.out"

Compiling the CXX compiler identification source file "CMakeCXXCompilerId.cpp" succeeded.
Compiler: /usr/bin/c++ 
Build flags: -Wall;-Wextra;-fopenmp;-g;-fPIC
Id flags: 

The output was:
0


Compilation of the CXX compiler identification source "CMakeCXXCompilerId.cpp" produced "a.out"

The CXX compiler identification is GNU, found in "/home/jli/Work/SpTOL/build/CMakeFiles/3.2.2/CompilerIdCXX/a.out"

Determining if the C compiler works passed with the following output:
Change Dir: /home/jli/Work/SpTOL/build/CMakeFiles/CMakeTmp

Run Build Command:"/usr/bin/make" "cmTryCompileExec1750902171/fast"
make[1]: Entering directory `/home/jli/Work/SpTOL/build/CMakeFiles/CMakeTmp'
/usr/bin/make -f CMakeFiles/cmTryCompileExec1750902171.dir/build.make CMakeFiles/cmTryCompileExec1750902171.dir/build
make[2]: Entering directory `/home/jli/Work/SpTOL/build/CMakeFiles/CMakeTmp'
/usr/bin/cmake -E cmake_progress_report /home/jli/Work/SpTOL/build/CMakeFiles/CMakeTmp/CMakeFiles 1
Building C object CMakeFiles/cmTryCompileExec1750902171.dir/testCCompiler.c.o
/usr/bin/cc   -Wall -Wextra -std=c99 -fopenmp -g -fPIC    -o CMakeFiles/cmTryCompileExec1750902171.dir/testCCompiler.c.o   -c /home/jli/Work/SpTOL/build/CMakeFiles/CMakeTmp/testCCompiler.c
Linking C executable cmTryCompileExec1750902171
/usr/bin/cmake -E cmake_link_script CMakeFiles/cmTryCompileExec1750902171.dir/link.txt --verbose=1
/usr/bin/cc  -Wall -Wextra -std=c99 -fopenmp -g -fPIC     CMakeFiles/cmTryCompileExec1750902171.dir/testCCompiler.c.o  -o cmTryCompileExec1750902171 -rdynamic 
make[2]: Leaving directory `/home/jli/Work/SpTOL/build/CMakeFiles/CMakeTmp'
make[1]: Leaving directory `/home/jli/Work/SpTOL/build/CMakeFiles/CMakeTmp'


Detecting C compiler ABI info compiled with the following output:
Change Dir: /home/jli/Work/SpTOL/build/CMakeFiles/CMakeTmp

Run Build Command:"/usr/bin/make" "cmTryCompileExec3382778590/fast"
make[1]: Entering directory `/home/jli/Work/SpTOL/build/CMakeFiles/CMakeTmp'
/usr/bin/make -f CMakeFiles/cmTryCompileExec3382778590.dir/build.make CMakeFiles/cmTryCompileExec3382778590.dir/build
make[2]: Entering directory `/home/jli/Work/SpTOL/build/CMakeFiles/CMakeTmp'
/usr/bin/cmake -E cmake_progress_report /home/jli/Work/SpTOL/build/CMakeFiles/CMakeTmp/CMakeFiles 1
Building C object CMakeFiles/cmTryCompileExec3382778590.dir/CMakeCCompilerABI.c.o
/usr/bin/cc   -Wall -Wextra -std=c99 -fopenmp -g -fPIC    -o CMakeFiles/cmTryCompileExec3382778590.dir/CMakeCCompilerABI.c.o   -c /usr/share/cmake-3.2/Modules/CMakeCCompilerABI.c
Linking C executable cmTryCompileExec3382778590
/usr/bin/cmake -E cmake_link_script CMakeFiles/cmTryCompileExec3382778590.dir/link.txt --verbose=1
/usr/bin/cc  -Wall -Wextra -std=c99 -fopenmp -g -fPIC    -v CMakeFiles/cmTryCompileExec3382778590.dir/CMakeCCompilerABI.c.o  -o cmTryCompileExec3382778590 -rdynamic  
Using built-in specs.
COLLECT_GCC=/usr/bin/cc
COLLECT_LTO_WRAPPER=/usr/lib/gcc/x86_64-linux-gnu/4.7/lto-wrapper
Target: x86_64-linux-gnu
Configured with: ../src/configure -v --with-pkgversion='Ubuntu/Linaro 4.7.3-12ubuntu1' --with-bugurl=file:///usr/share/doc/gcc-4.7/README.Bugs --enable-languages=c,c++,go,fortran,objc,obj-c++ --prefix=/usr --program-suffix=-4.7 --enable-shared --enable-linker-build-id --libexecdir=/usr/lib --without-included-gettext --enable-threads=posix --with-gxx-include-dir=/usr/include/c++/4.7 --libdir=/usr/lib --enable-nls --with-sysroot=/ --enable-clocale=gnu --enable-libstdcxx-debug --enable-gnu-unique-object --disable-libmudflap --enable-plugin --with-system-zlib --enable-objc-gc --with-cloog --enable-cloog-backend=ppl --disable-cloog-version-check --disable-ppl-version-check --enable-multiarch --disable-werror --with-arch-32=i686 --with-abi=m64 --with-multilib-list=m32,m64,mx32 --with-tune=generic --enable-checking=release --build=x86_64-linux-gnu --host=x86_64-linux-gnu --target=x86_64-linux-gnu
Thread model: posix
gcc version 4.7.3 (Ubuntu/Linaro 4.7.3-12ubuntu1) 
COMPILER_PATH=/usr/lib/gcc/x86_64-linux-gnu/4.7/:/usr/lib/gcc/x86_64-linux-gnu/4.7/:/usr/lib/gcc/x86_64-linux-gnu/:/usr/lib/gcc/x86_64-linux-gnu/4.7/:/usr/lib/gcc/x86_64-linux-gnu/
LIBRARY_PATH=/usr/lib/gcc/x86_64-linux-gnu/4.7/:/usr/lib/gcc/x86_64-linux-gnu/4.7/../../../x86_64-linux-gnu/:/usr/lib/gcc/x86_64-linux-gnu/4.7/../../../../lib/:/lib/x86_64-linux-gnu/:/lib/../lib/:/usr/lib/x86_64-linux-gnu/:/usr/lib/../lib/:/opt/compilers_and_libraries_2016.2.181/linux/compiler/lib/intel64/:/opt/compilers_and_libraries_2016.2.181/linux/mkl/lib/intel64/:/opt/compilers_and_libraries_2016.2.181/linux/ipp/lib/intel64/:/opt/compilers_and_libraries_2016.2.181/linux/compiler/lib/intel64/:/opt/compilers_and_libraries_2016.2.181/linux/mkl/lib/intel64/:/opt/compilers_and_libraries_2016.2.181/linux/tbb/lib/intel64/gcc4.4/:/opt/compilers_and_libraries_2016.2.181/linux/daal/lib/intel64_lin/:/opt/compilers_and_libraries_2016.2.181/linux/daal/../tbb/lib/intel64_lin/gcc4.4/:/opt/compilers_and_libraries_2016.2.181/linux/daal/../compiler/lib/intel64_lin/:/usr/lib/gcc/x86_64-linux-gnu/4.7/../../../:/lib/:/usr/lib/
Reading specs from /usr/lib/gcc/x86_64-linux-gnu/4.7/libgomp.spec
COLLECT_GCC_OPTIONS='-Wall' '-Wextra' '-std=c99' '-fopenmp' '-g' '-fPIC' '-v' '-o' 'cmTryCompileExec3382778590' '-rdynamic' '-mtune=generic' '-march=x86-64' '-pthread'
 /usr/lib/gcc/x86_64-linux-gnu/4.7/collect2 --sysroot=/ --build-id --eh-frame-hdr -m elf_x86_64 --hash-style=gnu --as-needed -export-dynamic -dynamic-linker /lib64/ld-linux-x86-64.so.2 -z relro -o cmTryCompileExec3382778590 /usr/lib/gcc/x86_64-linux-gnu/4.7/../../../x86_64-linux-gnu/crt1.o /usr/lib/gcc/x86_64-linux-gnu/4.7/../../../x86_64-linux-gnu/crti.o /usr/lib/gcc/x86_64-linux-gnu/4.7/crtbegin.o -L/usr/lib/gcc/x86_64-linux-gnu/4.7 -L/usr/lib/gcc/x86_64-linux-gnu/4.7/../../../x86_64-linux-gnu -L/usr/lib/gcc/x86_64-linux-gnu/4.7/../../../../lib -L/lib/x86_64-linux-gnu -L/lib/../lib -L/usr/lib/x86_64-linux-gnu -L/usr/lib/../lib -L/opt/compilers_and_libraries_2016.2.181/linux/compiler/lib/intel64 -L/opt/compilers_and_libraries_2016.2.181/linux/mkl/lib/intel64 -L/opt/compilers_and_libraries_2016.2.181/linux/ipp/lib/intel64 -L/opt/compilers_and_libraries_2016.2.181/linux/compiler/lib/intel64 -L/opt/compilers_and_libraries_2016.2.181/linux/mkl/lib/intel64 -L/opt/compilers_and_libraries_2016.2.181/linux/tbb/lib/intel64/gcc4.4 -L/opt/compilers_and_libraries_2016.2.181/linux/daal/lib/intel64_lin -L/opt/compilers_and_libraries_2016.2.181/linux/daal/../tbb/lib/intel64_lin/gcc4.4 -L/opt/compilers_and_libraries_2016.2.181/linux/daal/../compiler/lib/intel64_lin -L/usr/lib/gcc/x86_64-linux-gnu/4.7/../../.. CMakeFiles/cmTryCompileExec3382778590.dir/CMakeCCompilerABI.c.o -lgomp -lgcc --as-needed -lgcc_s --no-as-needed -lpthread -lc -lgcc --as-needed -lgcc_s --no-as-needed /usr/lib/gcc/x86_64-linux-gnu/4.7/crtend.o /usr/lib/gcc/x86_64-linux-gnu/4.7/../../../x86_64-linux-gnu/crtn.o
make[2]: Leaving directory `/home/jli/Work/SpTOL/build/CMakeFiles/CMakeTmp'
make[1]: Leaving directory `/home/jli/Work/SpTOL/build/CMakeFiles/CMakeTmp'


Parsed C implicit link information from above output:
  link line regex: [^( *|.*[/\])(ld|([^/\]+-)?ld|collect2)[^/\]*( |$)]
  ignore line: [Change Dir: /home/jli/Work/SpTOL/build/CMakeFiles/CMakeTmp]
  ignore line: []
  ignore line: [Run Build Command:"/usr/bin/make" "cmTryCompileExec3382778590/fast"]
  ignore line: [make[1]: Entering directory `/home/jli/Work/SpTOL/build/CMakeFiles/CMakeTmp']
  ignore line: [/usr/bin/make -f CMakeFiles/cmTryCompileExec3382778590.dir/build.make CMakeFiles/cmTryCompileExec3382778590.dir/build]
  ignore line: [make[2]: Entering directory `/home/jli/Work/SpTOL/build/CMakeFiles/CMakeTmp']
  ignore line: [/usr/bin/cmake -E cmake_progress_report /home/jli/Work/SpTOL/build/CMakeFiles/CMakeTmp/CMakeFiles 1]
  ignore line: [Building C object CMakeFiles/cmTryCompileExec3382778590.dir/CMakeCCompilerABI.c.o]
  ignore line: [/usr/bin/cc   -Wall -Wextra -std=c99 -fopenmp -g -fPIC    -o CMakeFiles/cmTryCompileExec3382778590.dir/CMakeCCompilerABI.c.o   -c /usr/share/cmake-3.2/Modules/CMakeCCompilerABI.c]
  ignore line: [Linking C executable cmTryCompileExec3382778590]
  ignore line: [/usr/bin/cmake -E cmake_link_script CMakeFiles/cmTryCompileExec3382778590.dir/link.txt --verbose=1]
  ignore line: [/usr/bin/cc  -Wall -Wextra -std=c99 -fopenmp -g -fPIC    -v CMakeFiles/cmTryCompileExec3382778590.dir/CMakeCCompilerABI.c.o  -o cmTryCompileExec3382778590 -rdynamic  ]
  ignore line: [Using built-in specs.]
  ignore line: [COLLECT_GCC=/usr/bin/cc]
  ignore line: [COLLECT_LTO_WRAPPER=/usr/lib/gcc/x86_64-linux-gnu/4.7/lto-wrapper]
  ignore line: [Target: x86_64-linux-gnu]
  ignore line: [Configured with: ../src/configure -v --with-pkgversion='Ubuntu/Linaro 4.7.3-12ubuntu1' --with-bugurl=file:///usr/share/doc/gcc-4.7/README.Bugs --enable-languages=c,c++,go,fortran,objc,obj-c++ --prefix=/usr --program-suffix=-4.7 --enable-shared --enable-linker-build-id --libexecdir=/usr/lib --without-included-gettext --enable-threads=posix --with-gxx-include-dir=/usr/include/c++/4.7 --libdir=/usr/lib --enable-nls --with-sysroot=/ --enable-clocale=gnu --enable-libstdcxx-debug --enable-gnu-unique-object --disable-libmudflap --enable-plugin --with-system-zlib --enable-objc-gc --with-cloog --enable-cloog-backend=ppl --disable-cloog-version-check --disable-ppl-version-check --enable-multiarch --disable-werror --with-arch-32=i686 --with-abi=m64 --with-multilib-list=m32,m64,mx32 --with-tune=generic --enable-checking=release --build=x86_64-linux-gnu --host=x86_64-linux-gnu --target=x86_64-linux-gnu]
  ignore line: [Thread model: posix]
  ignore line: [gcc version 4.7.3 (Ubuntu/Linaro 4.7.3-12ubuntu1) ]
  ignore line: [COMPILER_PATH=/usr/lib/gcc/x86_64-linux-gnu/4.7/:/usr/lib/gcc/x86_64-linux-gnu/4.7/:/usr/lib/gcc/x86_64-linux-gnu/:/usr/lib/gcc/x86_64-linux-gnu/4.7/:/usr/lib/gcc/x86_64-linux-gnu/]
  ignore line: [LIBRARY_PATH=/usr/lib/gcc/x86_64-linux-gnu/4.7/:/usr/lib/gcc/x86_64-linux-gnu/4.7/../../../x86_64-linux-gnu/:/usr/lib/gcc/x86_64-linux-gnu/4.7/../../../../lib/:/lib/x86_64-linux-gnu/:/lib/../lib/:/usr/lib/x86_64-linux-gnu/:/usr/lib/../lib/:/opt/compilers_and_libraries_2016.2.181/linux/compiler/lib/intel64/:/opt/compilers_and_libraries_2016.2.181/linux/mkl/lib/intel64/:/opt/compilers_and_libraries_2016.2.181/linux/ipp/lib/intel64/:/opt/compilers_and_libraries_2016.2.181/linux/compiler/lib/intel64/:/opt/compilers_and_libraries_2016.2.181/linux/mkl/lib/intel64/:/opt/compilers_and_libraries_2016.2.181/linux/tbb/lib/intel64/gcc4.4/:/opt/compilers_and_libraries_2016.2.181/linux/daal/lib/intel64_lin/:/opt/compilers_and_libraries_2016.2.181/linux/daal/../tbb/lib/intel64_lin/gcc4.4/:/opt/compilers_and_libraries_2016.2.181/linux/daal/../compiler/lib/intel64_lin/:/usr/lib/gcc/x86_64-linux-gnu/4.7/../../../:/lib/:/usr/lib/]
  ignore line: [Reading specs from /usr/lib/gcc/x86_64-linux-gnu/4.7/libgomp.spec]
  ignore line: [COLLECT_GCC_OPTIONS='-Wall' '-Wextra' '-std=c99' '-fopenmp' '-g' '-fPIC' '-v' '-o' 'cmTryCompileExec3382778590' '-rdynamic' '-mtune=generic' '-march=x86-64' '-pthread']
  link line: [ /usr/lib/gcc/x86_64-linux-gnu/4.7/collect2 --sysroot=/ --build-id --eh-frame-hdr -m elf_x86_64 --hash-style=gnu --as-needed -export-dynamic -dynamic-linker /lib64/ld-linux-x86-64.so.2 -z relro -o cmTryCompileExec3382778590 /usr/lib/gcc/x86_64-linux-gnu/4.7/../../../x86_64-linux-gnu/crt1.o /usr/lib/gcc/x86_64-linux-gnu/4.7/../../../x86_64-linux-gnu/crti.o /usr/lib/gcc/x86_64-linux-gnu/4.7/crtbegin.o -L/usr/lib/gcc/x86_64-linux-gnu/4.7 -L/usr/lib/gcc/x86_64-linux-gnu/4.7/../../../x86_64-linux-gnu -L/usr/lib/gcc/x86_64-linux-gnu/4.7/../../../../lib -L/lib/x86_64-linux-gnu -L/lib/../lib -L/usr/lib/x86_64-linux-gnu -L/usr/lib/../lib -L/opt/compilers_and_libraries_2016.2.181/linux/compiler/lib/intel64 -L/opt/compilers_and_libraries_2016.2.181/linux/mkl/lib/intel64 -L/opt/compilers_and_libraries_2016.2.181/linux/ipp/lib/intel64 -L/opt/compilers_and_libraries_2016.2.181/linux/compiler/lib/intel64 -L/opt/compilers_and_libraries_2016.2.181/linux/mkl/lib/intel64 -L/opt/compilers_and_libraries_2016.2.181/linux/tbb/lib/intel64/gcc4.4 -L/opt/compilers_and_libraries_2016.2.181/linux/daal/lib/intel64_lin -L/opt/compilers_and_libraries_2016.2.181/linux/daal/../tbb/lib/intel64_lin/gcc4.4 -L/opt/compilers_and_libraries_2016.2.181/linux/daal/../compiler/lib/intel64_lin -L/usr/lib/gcc/x86_64-linux-gnu/4.7/../../.. CMakeFiles/cmTryCompileExec3382778590.dir/CMakeCCompilerABI.c.o -lgomp -lgcc --as-needed -lgcc_s --no-as-needed -lpthread -lc -lgcc --as-needed -lgcc_s --no-as-needed /usr/lib/gcc/x86_64-linux-gnu/4.7/crtend.o /usr/lib/gcc/x86_64-linux-gnu/4.7/../../../x86_64-linux-gnu/crtn.o]
    arg [/usr/lib/gcc/x86_64-linux-gnu/4.7/collect2] ==> ignore
    arg [--sysroot=/] ==> ignore
    arg [--build-id] ==> ignore
    arg [--eh-frame-hdr] ==> ignore
    arg [-m] ==> ignore
    arg [elf_x86_64] ==> ignore
    arg [--hash-style=gnu] ==> ignore
    arg [--as-needed] ==> ignore
    arg [-export-dynamic] ==> ignore
    arg [-dynamic-linker] ==> ignore
    arg [/lib64/ld-linux-x86-64.so.2] ==> ignore
    arg [-zrelro] ==> ignore
    arg [-o] ==> ignore
    arg [cmTryCompileExec3382778590] ==> ignore
    arg [/usr/lib/gcc/x86_64-linux-gnu/4.7/../../../x86_64-linux-gnu/crt1.o] ==> ignore
    arg [/usr/lib/gcc/x86_64-linux-gnu/4.7/../../../x86_64-linux-gnu/crti.o] ==> ignore
    arg [/usr/lib/gcc/x86_64-linux-gnu/4.7/crtbegin.o] ==> ignore
    arg [-L/usr/lib/gcc/x86_64-linux-gnu/4.7] ==> dir [/usr/lib/gcc/x86_64-linux-gnu/4.7]
    arg [-L/usr/lib/gcc/x86_64-linux-gnu/4.7/../../../x86_64-linux-gnu] ==> dir [/usr/lib/gcc/x86_64-linux-gnu/4.7/../../../x86_64-linux-gnu]
    arg [-L/usr/lib/gcc/x86_64-linux-gnu/4.7/../../../../lib] ==> dir [/usr/lib/gcc/x86_64-linux-gnu/4.7/../../../../lib]
    arg [-L/lib/x86_64-linux-gnu] ==> dir [/lib/x86_64-linux-gnu]
    arg [-L/lib/../lib] ==> dir [/lib/../lib]
    arg [-L/usr/lib/x86_64-linux-gnu] ==> dir [/usr/lib/x86_64-linux-gnu]
    arg [-L/usr/lib/../lib] ==> dir [/usr/lib/../lib]
    arg [-L/opt/compilers_and_libraries_2016.2.181/linux/compiler/lib/intel64] ==> dir [/opt/compilers_and_libraries_2016.2.181/linux/compiler/lib/intel64]
    arg [-L/opt/compilers_and_libraries_2016.2.181/linux/mkl/lib/intel64] ==> dir [/opt/compilers_and_libraries_2016.2.181/linux/mkl/lib/intel64]
    arg [-L/opt/compilers_and_libraries_2016.2.181/linux/ipp/lib/intel64] ==> dir [/opt/compilers_and_libraries_2016.2.181/linux/ipp/lib/intel64]
    arg [-L/opt/compilers_and_libraries_2016.2.181/linux/compiler/lib/intel64] ==> dir [/opt/compilers_and_libraries_2016.2.181/linux/compiler/lib/intel64]
    arg [-L/opt/compilers_and_libraries_2016.2.181/linux/mkl/lib/intel64] ==> dir [/opt/compilers_and_libraries_2016.2.181/linux/mkl/lib/intel64]
    arg [-L/opt/compilers_and_libraries_2016.2.181/linux/tbb/lib/intel64/gcc4.4] ==> dir [/opt/compilers_and_libraries_2016.2.181/linux/tbb/lib/intel64/gcc4.4]
    arg [-L/opt/compilers_and_libraries_2016.2.181/linux/daal/lib/intel64_lin] ==> dir [/opt/compilers_and_libraries_2016.2.181/linux/daal/lib/intel64_lin]
    arg [-L/opt/compilers_and_libraries_2016.2.181/linux/daal/../tbb/lib/intel64_lin/gcc4.4] ==> dir [/opt/compilers_and_libraries_2016.2.181/linux/daal/../tbb/lib/intel64_lin/gcc4.4]
    arg [-L/opt/compilers_and_libraries_2016.2.181/linux/daal/../compiler/lib/intel64_lin] ==> dir [/opt/compilers_and_libraries_2016.2.181/linux/daal/../compiler/lib/intel64_lin]
    arg [-L/usr/lib/gcc/x86_64-linux-gnu/4.7/../../..] ==> dir [/usr/lib/gcc/x86_64-linux-gnu/4.7/../../..]
    arg [CMakeFiles/cmTryCompileExec3382778590.dir/CMakeCCompilerABI.c.o] ==> ignore
    arg [-lgomp] ==> lib [gomp]
    arg [-lgcc] ==> lib [gcc]
    arg [--as-needed] ==> ignore
    arg [-lgcc_s] ==> lib [gcc_s]
    arg [--no-as-needed] ==> ignore
    arg [-lpthread] ==> lib [pthread]
    arg [-lc] ==> lib [c]
    arg [-lgcc] ==> lib [gcc]
    arg [--as-needed] ==> ignore
    arg [-lgcc_s] ==> lib [gcc_s]
    arg [--no-as-needed] ==> ignore
    arg [/usr/lib/gcc/x86_64-linux-gnu/4.7/crtend.o] ==> ignore
    arg [/usr/lib/gcc/x86_64-linux-gnu/4.7/../../../x86_64-linux-gnu/crtn.o] ==> ignore
  remove lib [gcc]
  remove lib [gcc_s]
  remove lib [gcc]
  remove lib [gcc_s]
  collapse library dir [/usr/lib/gcc/x86_64-linux-gnu/4.7] ==> [/usr/lib/gcc/x86_64-linux-gnu/4.7]
  collapse library dir [/usr/lib/gcc/x86_64-linux-gnu/4.7/../../../x86_64-linux-gnu] ==> [/usr/lib/x86_64-linux-gnu]
  collapse library dir [/usr/lib/gcc/x86_64-linux-gnu/4.7/../../../../lib] ==> [/usr/lib]
  collapse library dir [/lib/x86_64-linux-gnu] ==> [/lib/x86_64-linux-gnu]
  collapse library dir [/lib/../lib] ==> [/lib]
  collapse library dir [/usr/lib/x86_64-linux-gnu] ==> [/usr/lib/x86_64-linux-gnu]
  collapse library dir [/usr/lib/../lib] ==> [/usr/lib]
  collapse library dir [/opt/compilers_and_libraries_2016.2.181/linux/compiler/lib/intel64] ==> [/opt/compilers_and_libraries_2016.2.181/linux/compiler/lib/intel64]
  collapse library dir [/opt/compilers_and_libraries_2016.2.181/linux/mkl/lib/intel64] ==> [/opt/compilers_and_libraries_2016.2.181/linux/mkl/lib/intel64]
  collapse library dir [/opt/compilers_and_libraries_2016.2.181/linux/ipp/lib/intel64] ==> [/opt/compilers_and_libraries_2016.2.181/linux/ipp/lib/intel64]
  collapse library dir [/opt/compilers_and_libraries_2016.2.181/linux/compiler/lib/intel64] ==> [/opt/compilers_and_libraries_2016.2.181/linux/compiler/lib/intel64]
  collapse library dir [/opt/compilers_and_libraries_2016.2.181/linux/mkl/lib/intel64] ==> [/opt/compilers_and_libraries_2016.2.181/linux/mkl/lib/intel64]
  collapse library dir [/opt/compilers_and_libraries_2016.2.181/linux/tbb/lib/intel64/gcc4.4] ==> [/opt/compilers_and_libraries_2016.2.181/linux/tbb/lib/intel64/gcc4.4]
  collapse library dir [/opt/compilers_and_libraries_2016.2.181/linux/daal/lib/intel64_lin] ==> [/opt/compilers_and_libraries_2016.2.181/linux/daal/lib/intel64_lin]
  collapse library dir [/opt/compilers_and_libraries_2016.2.181/linux/daal/../tbb/lib/intel64_lin/gcc4.4] ==> [/opt/compilers_and_libraries_2016.2.181/linux/tbb/lib/intel64_lin/gcc4.4]
  collapse library dir [/opt/compilers_and_libraries_2016.2.181/linux/daal/../compiler/lib/intel64_lin] ==> [/opt/compilers_and_libraries_2016.2.181/linux/compiler/lib/intel64_lin]
  collapse library dir [/usr/lib/gcc/x86_64-linux-gnu/4.7/../../..] ==> [/usr/lib]
  implicit libs: [gomp;pthread;c]
  implicit dirs: [/usr/lib/gcc/x86_64-linux-gnu/4.7;/usr/lib/x86_64-linux-gnu;/usr/lib;/lib/x86_64-linux-gnu;/lib;/opt/compilers_and_libraries_2016.2.181/linux/compiler/lib/intel64;/opt/compilers_and_libraries_2016.2.181/linux/mkl/lib/intel64;/opt/compilers_and_libraries_2016.2.181/linux/ipp/lib/intel64;/opt/compilers_and_libraries_2016.2.181/linux/tbb/lib/intel64/gcc4.4;/opt/compilers_and_libraries_2016.2.181/linux/daal/lib/intel64_lin;/opt/compilers_and_libraries_2016.2.181/linux/tbb/lib/intel64_lin/gcc4.4;/opt/compilers_and_libraries_2016.2.181/linux/compiler/lib/intel64_lin]
  implicit fwks: []




Detecting C [-std=c11] compiler features compiled with the following output:
Change Dir: /home/jli/Work/SpTOL/build/CMakeFiles/CMakeTmp

Run Build Command:"/usr/bin/make" "cmTryCompileExec855548013/fast"
make[1]: Entering directory `/home/jli/Work/SpTOL/build/CMakeFiles/CMakeTmp'
/usr/bin/make -f CMakeFiles/cmTryCompileExec855548013.dir/build.make CMakeFiles/cmTryCompileExec855548013.dir/build
make[2]: Entering directory `/home/jli/Work/SpTOL/build/CMakeFiles/CMakeTmp'
/usr/bin/cmake -E cmake_progress_report /home/jli/Work/SpTOL/build/CMakeFiles/CMakeTmp/CMakeFiles 1
Building C object CMakeFiles/cmTryCompileExec855548013.dir/feature_tests.c.o
/usr/bin/cc   -Wall -Wextra -std=c99 -fopenmp -g -fPIC    -std=c11 -o CMakeFiles/cmTryCompileExec855548013.dir/feature_tests.c.o   -c /home/jli/Work/SpTOL/build/CMakeFiles/feature_tests.c
Linking C executable cmTryCompileExec855548013
/usr/bin/cmake -E cmake_link_script CMakeFiles/cmTryCompileExec855548013.dir/link.txt --verbose=1
/usr/bin/cc  -Wall -Wextra -std=c99 -fopenmp -g -fPIC     CMakeFiles/cmTryCompileExec855548013.dir/feature_tests.c.o  -o cmTryCompileExec855548013 -rdynamic 
make[2]: Leaving directory `/home/jli/Work/SpTOL/build/CMakeFiles/CMakeTmp'
make[1]: Leaving directory `/home/jli/Work/SpTOL/build/CMakeFiles/CMakeTmp'


    Feature record: C_FEATURE:1c_function_prototypes
    Feature record: C_FEATURE:1c_restrict
    Feature record: C_FEATURE:1c_static_assert
    Feature record: C_FEATURE:1c_variadic_macros


Detecting C [-std=c99] compiler features compiled with the following output:
Change Dir: /home/jli/Work/SpTOL/build/CMakeFiles/CMakeTmp

Run Build Command:"/usr/bin/make" "cmTryCompileExec3830406701/fast"
make[1]: Entering directory `/home/jli/Work/SpTOL/build/CMakeFiles/CMakeTmp'
/usr/bin/make -f CMakeFiles/cmTryCompileExec3830406701.dir/build.make CMakeFiles/cmTryCompileExec3830406701.dir/build
make[2]: Entering directory `/home/jli/Work/SpTOL/build/CMakeFiles/CMakeTmp'
/usr/bin/cmake -E cmake_progress_report /home/jli/Work/SpTOL/build/CMakeFiles/CMakeTmp/CMakeFiles 1
Building C object CMakeFiles/cmTryCompileExec3830406701.dir/feature_tests.c.o
/usr/bin/cc   -Wall -Wextra -std=c99 -fopenmp -g -fPIC    -std=c99 -o CMakeFiles/cmTryCompileExec3830406701.dir/feature_tests.c.o   -c /home/jli/Work/SpTOL/build/CMakeFiles/feature_tests.c
Linking C executable cmTryCompileExec3830406701
/usr/bin/cmake -E cmake_link_script CMakeFiles/cmTryCompileExec3830406701.dir/link.txt --verbose=1
/usr/bin/cc  -Wall -Wextra -std=c99 -fopenmp -g -fPIC     CMakeFiles/cmTryCompileExec3830406701.dir/feature_tests.c.o  -o cmTryCompileExec3830406701 -rdynamic 
make[2]: Leaving directory `/home/jli/Work/SpTOL/build/CMakeFiles/CMakeTmp'
make[1]: Leaving directory `/home/jli/Work/SpTOL/build/CMakeFiles/CMakeTmp'


    Feature record: C_FEATURE:1c_function_prototypes
    Feature record: C_FEATURE:1c_restrict
    Feature record: C_FEATURE:0c_static_assert
    Feature record: C_FEATURE:1c_variadic_macros


Detecting C [-std=c90] compiler features compiled with the following output:
Change Dir: /home/jli/Work/SpTOL/build/CMakeFiles/CMakeTmp

Run Build Command:"/usr/bin/make" "cmTryCompileExec3469991651/fast"
make[1]: Entering directory `/home/jli/Work/SpTOL/build/CMakeFiles/CMakeTmp'
/usr/bin/make -f CMakeFiles/cmTryCompileExec3469991651.dir/build.make CMakeFiles/cmTryCompileExec3469991651.dir/build
make[2]: Entering directory `/home/jli/Work/SpTOL/build/CMakeFiles/CMakeTmp'
/usr/bin/cmake -E cmake_progress_report /home/jli/Work/SpTOL/build/CMakeFiles/CMakeTmp/CMakeFiles 1
Building C object CMakeFiles/cmTryCompileExec3469991651.dir/feature_tests.c.o
/usr/bin/cc   -Wall -Wextra -std=c99 -fopenmp -g -fPIC    -std=c90 -o CMakeFiles/cmTryCompileExec3469991651.dir/feature_tests.c.o   -c /home/jli/Work/SpTOL/build/CMakeFiles/feature_tests.c
Linking C executable cmTryCompileExec3469991651
/usr/bin/cmake -E cmake_link_script CMakeFiles/cmTryCompileExec3469991651.dir/link.txt --verbose=1
/usr/bin/cc  -Wall -Wextra -std=c99 -fopenmp -g -fPIC     CMakeFiles/cmTryCompileExec3469991651.dir/feature_tests.c.o  -o cmTryCompileExec3469991651 -rdynamic 
make[2]: Leaving directory `/home/jli/Work/SpTOL/build/CMakeFiles/CMakeTmp'
make[1]: Leaving directory `/home/jli/Work/SpTOL/build/CMakeFiles/CMakeTmp'


    Feature record: C_FEATURE:1c_function_prototypes
    Feature record: C_FEATURE:0c_restrict
    Feature record: C_FEATURE:0c_static_assert
    Feature record: C_FEATURE:0c_variadic_macros
Determining if the CXX compiler works passed with the following output:
Change Dir: /home/jli/Work/SpTOL/build/CMakeFiles/CMakeTmp

Run Build Command:"/usr/bin/make" "cmTryCompileExec1020267792/fast"
make[1]: Entering directory `/home/jli/Work/SpTOL/build/CMakeFiles/CMakeTmp'
/usr/bin/make -f CMakeFiles/cmTryCompileExec1020267792.dir/build.make CMakeFiles/cmTryCompileExec1020267792.dir/build
make[2]: Entering directory `/home/jli/Work/SpTOL/build/CMakeFiles/CMakeTmp'
/usr/bin/cmake -E cmake_progress_report /home/jli/Work/SpTOL/build/CMakeFiles/CMakeTmp/CMakeFiles 1
Building CXX object CMakeFiles/cmTryCompileExec1020267792.dir/testCXXCompiler.cxx.o
/usr/bin/c++    -Wall -Wextra -fopenmp -g -fPIC    -o CMakeFiles/cmTryCompileExec1020267792.dir/testCXXCompiler.cxx.o -c /home/jli/Work/SpTOL/build/CMakeFiles/CMakeTmp/testCXXCompiler.cxx
Linking CXX executable cmTryCompileExec1020267792
/usr/bin/cmake -E cmake_link_script CMakeFiles/cmTryCompileExec1020267792.dir/link.txt --verbose=1
/usr/bin/c++   -Wall -Wextra -fopenmp -g -fPIC     CMakeFiles/cmTryCompileExec1020267792.dir/testCXXCompiler.cxx.o  -o cmTryCompileExec1020267792 -rdynamic 
make[2]: Leaving directory `/home/jli/Work/SpTOL/build/CMakeFiles/CMakeTmp'
make[1]: Leaving directory `/home/jli/Work/SpTOL/build/CMakeFiles/CMakeTmp'


Detecting CXX compiler ABI info compiled with the following output:
Change Dir: /home/jli/Work/SpTOL/build/CMakeFiles/CMakeTmp

Run Build Command:"/usr/bin/make" "cmTryCompileExec2015954877/fast"
make[1]: Entering directory `/home/jli/Work/SpTOL/build/CMakeFiles/CMakeTmp'
/usr/bin/make -f CMakeFiles/cmTryCompileExec2015954877.dir/build.make CMakeFiles/cmTryCompileExec2015954877.dir/build
make[2]: Entering directory `/home/jli/Work/SpTOL/build/CMakeFiles/CMakeTmp'
/usr/bin/cmake -E cmake_progress_report /home/jli/Work/SpTOL/build/CMakeFiles/CMakeTmp/CMakeFiles 1
Building CXX object CMakeFiles/cmTryCompileExec2015954877.dir/CMakeCXXCompilerABI.cpp.o
/usr/bin/c++    -Wall -Wextra -fopenmp -g -fPIC    -o CMakeFiles/cmTryCompileExec2015954877.dir/CMakeCXXCompilerABI.cpp.o -c /usr/share/cmake-3.2/Modules/CMakeCXXCompilerABI.cpp
Linking CXX executable cmTryCompileExec2015954877
/usr/bin/cmake -E cmake_link_script CMakeFiles/cmTryCompileExec2015954877.dir/link.txt --verbose=1
/usr/bin/c++   -Wall -Wextra -fopenmp -g -fPIC    -v CMakeFiles/cmTryCompileExec2015954877.dir/CMakeCXXCompilerABI.cpp.o  -o cmTryCompileExec2015954877 -rdynamic  
Using built-in specs.
COLLECT_GCC=/usr/bin/c++
COLLECT_LTO_WRAPPER=/usr/lib/gcc/x86_64-linux-gnu/4.7/lto-wrapper
Target: x86_64-linux-gnu
Configured with: ../src/configure -v --with-pkgversion='Ubuntu/Linaro 4.7.3-12ubuntu1' --with-bugurl=file:///usr/share/doc/gcc-4.7/README.Bugs --enable-languages=c,c++,go,fortran,objc,obj-c++ --prefix=/usr --program-suffix=-4.7 --enable-shared --enable-linker-build-id --libexecdir=/usr/lib --without-included-gettext --enable-threads=posix --with-gxx-include-dir=/usr/include/c++/4.7 --libdir=/usr/lib --enable-nls --with-sysroot=/ --enable-clocale=gnu --enable-libstdcxx-debug --enable-gnu-unique-object --disable-libmudflap --enable-plugin --with-system-zlib --enable-objc-gc --with-cloog --enable-cloog-backend=ppl --disable-cloog-version-check --disable-ppl-version-check --enable-multiarch --disable-werror --with-arch-32=i686 --with-abi=m64 --with-multilib-list=m32,m64,mx32 --with-tune=generic --enable-checking=release --build=x86_64-linux-gnu --host=x86_64-linux-gnu --target=x86_64-linux-gnu
Thread model: posix
gcc version 4.7.3 (Ubuntu/Linaro 4.7.3-12ubuntu1) 
COMPILER_PATH=/usr/lib/gcc/x86_64-linux-gnu/4.7/:/usr/lib/gcc/x86_64-linux-gnu/4.7/:/usr/lib/gcc/x86_64-linux-gnu/:/usr/lib/gcc/x86_64-linux-gnu/4.7/:/usr/lib/gcc/x86_64-linux-gnu/
LIBRARY_PATH=/usr/lib/gcc/x86_64-linux-gnu/4.7/:/usr/lib/gcc/x86_64-linux-gnu/4.7/../../../x86_64-linux-gnu/:/usr/lib/gcc/x86_64-linux-gnu/4.7/../../../../lib/:/lib/x86_64-linux-gnu/:/lib/../lib/:/usr/lib/x86_64-linux-gnu/:/usr/lib/../lib/:/opt/compilers_and_libraries_2016.2.181/linux/compiler/lib/intel64/:/opt/compilers_and_libraries_2016.2.181/linux/mkl/lib/intel64/:/opt/compilers_and_libraries_2016.2.181/linux/ipp/lib/intel64/:/opt/compilers_and_libraries_2016.2.181/linux/compiler/lib/intel64/:/opt/compilers_and_libraries_2016.2.181/linux/mkl/lib/intel64/:/opt/compilers_and_libraries_2016.2.181/linux/tbb/lib/intel64/gcc4.4/:/opt/compilers_and_libraries_2016.2.181/linux/daal/lib/intel64_lin/:/opt/compilers_and_libraries_2016.2.181/linux/daal/../tbb/lib/intel64_lin/gcc4.4/:/opt/compilers_and_libraries_2016.2.181/linux/daal/../compiler/lib/intel64_lin/:/usr/lib/gcc/x86_64-linux-gnu/4.7/../../../:/lib/:/usr/lib/
Reading specs from /usr/lib/gcc/x86_64-linux-gnu/4.7/libgomp.spec
COLLECT_GCC_OPTIONS='-Wall' '-Wextra' '-fopenmp' '-g' '-fPIC' '-v' '-o' 'cmTryCompileExec2015954877' '-rdynamic' '-shared-libgcc' '-mtune=generic' '-march=x86-64' '-pthread'
 /usr/lib/gcc/x86_64-linux-gnu/4.7/collect2 --sysroot=/ --build-id --eh-frame-hdr -m elf_x86_64 --hash-style=gnu --as-needed -export-dynamic -dynamic-linker /lib64/ld-linux-x86-64.so.2 -z relro -o cmTryCompileExec2015954877 /usr/lib/gcc/x86_64-linux-gnu/4.7/../../../x86_64-linux-gnu/crt1.o /usr/lib/gcc/x86_64-linux-gnu/4.7/../../../x86_64-linux-gnu/crti.o /usr/lib/gcc/x86_64-linux-gnu/4.7/crtbegin.o -L/usr/lib/gcc/x86_64-linux-gnu/4.7 -L/usr/lib/gcc/x86_64-linux-gnu/4.7/../../../x86_64-linux-gnu -L/usr/lib/gcc/x86_64-linux-gnu/4.7/../../../../lib -L/lib/x86_64-linux-gnu -L/lib/../lib -L/usr/lib/x86_64-linux-gnu -L/usr/lib/../lib -L/opt/compilers_and_libraries_2016.2.181/linux/compiler/lib/intel64 -L/opt/compilers_and_libraries_2016.2.181/linux/mkl/lib/intel64 -L/opt/compilers_and_libraries_2016.2.181/linux/ipp/lib/intel64 -L/opt/compilers_and_libraries_2016.2.181/linux/compiler/lib/intel64 -L/opt/compilers_and_libraries_2016.2.181/linux/mkl/lib/intel64 -L/opt/compilers_and_libraries_2016.2.181/linux/tbb/lib/intel64/gcc4.4 -L/opt/compilers_and_libraries_2016.2.181/linux/daal/lib/intel64_lin -L/opt/compilers_and_libraries_2016.2.181/linux/daal/../tbb/lib/intel64_lin/gcc4.4 -L/opt/compilers_and_libraries_2016.2.181/linux/daal/../compiler/lib/intel64_lin -L/usr/lib/gcc/x86_64-linux-gnu/4.7/../../.. CMakeFiles/cmTryCompileExec2015954877.dir/CMakeCXXCompilerABI.cpp.o -lstdc++ -lm -lgomp -lgcc_s -lgcc -lpthread -lc -lgcc_s -lgcc /usr/lib/gcc/x86_64-linux-gnu/4.7/crtend.o /usr/lib/gcc/x86_64-linux-gnu/4.7/../../../x86_64-linux-gnu/crtn.o
make[2]: Leaving directory `/home/jli/Work/SpTOL/build/CMakeFiles/CMakeTmp'
make[1]: Leaving directory `/home/jli/Work/SpTOL/build/CMakeFiles/CMakeTmp'


Parsed CXX implicit link information from above output:
  link line regex: [^( *|.*[/\])(ld|([^/\]+-)?ld|collect2)[^/\]*( |$)]
  ignore line: [Change Dir: /home/jli/Work/SpTOL/build/CMakeFiles/CMakeTmp]
  ignore line: []
  ignore line: [Run Build Command:"/usr/bin/make" "cmTryCompileExec2015954877/fast"]
  ignore line: [make[1]: Entering directory `/home/jli/Work/SpTOL/build/CMakeFiles/CMakeTmp']
  ignore line: [/usr/bin/make -f CMakeFiles/cmTryCompileExec2015954877.dir/build.make CMakeFiles/cmTryCompileExec2015954877.dir/build]
  ignore line: [make[2]: Entering directory `/home/jli/Work/SpTOL/build/CMakeFiles/CMakeTmp']
  ignore line: [/usr/bin/cmake -E cmake_progress_report /home/jli/Work/SpTOL/build/CMakeFiles/CMakeTmp/CMakeFiles 1]
  ignore line: [Building CXX object CMakeFiles/cmTryCompileExec2015954877.dir/CMakeCXXCompilerABI.cpp.o]
  ignore line: [/usr/bin/c++    -Wall -Wextra -fopenmp -g -fPIC    -o CMakeFiles/cmTryCompileExec2015954877.dir/CMakeCXXCompilerABI.cpp.o -c /usr/share/cmake-3.2/Modules/CMakeCXXCompilerABI.cpp]
  ignore line: [Linking CXX executable cmTryCompileExec2015954877]
  ignore line: [/usr/bin/cmake -E cmake_link_script CMakeFiles/cmTryCompileExec2015954877.dir/link.txt --verbose=1]
  ignore line: [/usr/bin/c++   -Wall -Wextra -fopenmp -g -fPIC    -v CMakeFiles/cmTryCompileExec2015954877.dir/CMakeCXXCompilerABI.cpp.o  -o cmTryCompileExec2015954877 -rdynamic  ]
  ignore line: [Using built-in specs.]
  ignore line: [COLLECT_GCC=/usr/bin/c++]
  ignore line: [COLLECT_LTO_WRAPPER=/usr/lib/gcc/x86_64-linux-gnu/4.7/lto-wrapper]
  ignore line: [Target: x86_64-linux-gnu]
  ignore line: [Configured with: ../src/configure -v --with-pkgversion='Ubuntu/Linaro 4.7.3-12ubuntu1' --with-bugurl=file:///usr/share/doc/gcc-4.7/README.Bugs --enable-languages=c,c++,go,fortran,objc,obj-c++ --prefix=/usr --program-suffix=-4.7 --enable-shared --enable-linker-build-id --libexecdir=/usr/lib --without-included-gettext --enable-threads=posix --with-gxx-include-dir=/usr/include/c++/4.7 --libdir=/usr/lib --enable-nls --with-sysroot=/ --enable-clocale=gnu --enable-libstdcxx-debug --enable-gnu-unique-object --disable-libmudflap --enable-plugin --with-system-zlib --enable-objc-gc --with-cloog --enable-cloog-backend=ppl --disable-cloog-version-check --disable-ppl-version-check --enable-multiarch --disable-werror --with-arch-32=i686 --with-abi=m64 --with-multilib-list=m32,m64,mx32 --with-tune=generic --enable-checking=release --build=x86_64-linux-gnu --host=x86_64-linux-gnu --target=x86_64-linux-gnu]
  ignore line: [Thread model: posix]
  ignore line: [gcc version 4.7.3 (Ubuntu/Linaro 4.7.3-12ubuntu1) ]
  ignore line: [COMPILER_PATH=/usr/lib/gcc/x86_64-linux-gnu/4.7/:/usr/lib/gcc/x86_64-linux-gnu/4.7/:/usr/lib/gcc/x86_64-linux-gnu/:/usr/lib/gcc/x86_64-linux-gnu/4.7/:/usr/lib/gcc/x86_64-linux-gnu/]
  ignore line: [LIBRARY_PATH=/usr/lib/gcc/x86_64-linux-gnu/4.7/:/usr/lib/gcc/x86_64-linux-gnu/4.7/../../../x86_64-linux-gnu/:/usr/lib/gcc/x86_64-linux-gnu/4.7/../../../../lib/:/lib/x86_64-linux-gnu/:/lib/../lib/:/usr/lib/x86_64-linux-gnu/:/usr/lib/../lib/:/opt/compilers_and_libraries_2016.2.181/linux/compiler/lib/intel64/:/opt/compilers_and_libraries_2016.2.181/linux/mkl/lib/intel64/:/opt/compilers_and_libraries_2016.2.181/linux/ipp/lib/intel64/:/opt/compilers_and_libraries_2016.2.181/linux/compiler/lib/intel64/:/opt/compilers_and_libraries_2016.2.181/linux/mkl/lib/intel64/:/opt/compilers_and_libraries_2016.2.181/linux/tbb/lib/intel64/gcc4.4/:/opt/compilers_and_libraries_2016.2.181/linux/daal/lib/intel64_lin/:/opt/compilers_and_libraries_2016.2.181/linux/daal/../tbb/lib/intel64_lin/gcc4.4/:/opt/compilers_and_libraries_2016.2.181/linux/daal/../compiler/lib/intel64_lin/:/usr/lib/gcc/x86_64-linux-gnu/4.7/../../../:/lib/:/usr/lib/]
  ignore line: [Reading specs from /usr/lib/gcc/x86_64-linux-gnu/4.7/libgomp.spec]
  ignore line: [COLLECT_GCC_OPTIONS='-Wall' '-Wextra' '-fopenmp' '-g' '-fPIC' '-v' '-o' 'cmTryCompileExec2015954877' '-rdynamic' '-shared-libgcc' '-mtune=generic' '-march=x86-64' '-pthread']
  link line: [ /usr/lib/gcc/x86_64-linux-gnu/4.7/collect2 --sysroot=/ --build-id --eh-frame-hdr -m elf_x86_64 --hash-style=gnu --as-needed -export-dynamic -dynamic-linker /lib64/ld-linux-x86-64.so.2 -z relro -o cmTryCompileExec2015954877 /usr/lib/gcc/x86_64-linux-gnu/4.7/../../../x86_64-linux-gnu/crt1.o /usr/lib/gcc/x86_64-linux-gnu/4.7/../../../x86_64-linux-gnu/crti.o /usr/lib/gcc/x86_64-linux-gnu/4.7/crtbegin.o -L/usr/lib/gcc/x86_64-linux-gnu/4.7 -L/usr/lib/gcc/x86_64-linux-gnu/4.7/../../../x86_64-linux-gnu -L/usr/lib/gcc/x86_64-linux-gnu/4.7/../../../../lib -L/lib/x86_64-linux-gnu -L/lib/../lib -L/usr/lib/x86_64-linux-gnu -L/usr/lib/../lib -L/opt/compilers_and_libraries_2016.2.181/linux/compiler/lib/intel64 -L/opt/compilers_and_libraries_2016.2.181/linux/mkl/lib/intel64 -L/opt/compilers_and_libraries_2016.2.181/linux/ipp/lib/intel64 -L/opt/compilers_and_libraries_2016.2.181/linux/compiler/lib/intel64 -L/opt/compilers_and_libraries_2016.2.181/linux/mkl/lib/intel64 -L/opt/compilers_and_libraries_2016.2.181/linux/tbb/lib/intel64/gcc4.4 -L/opt/compilers_and_libraries_2016.2.181/linux/daal/lib/intel64_lin -L/opt/compilers_and_libraries_2016.2.181/linux/daal/../tbb/lib/intel64_lin/gcc4.4 -L/opt/compilers_and_libraries_2016.2.181/linux/daal/../compiler/lib/intel64_lin -L/usr/lib/gcc/x86_64-linux-gnu/4.7/../../.. CMakeFiles/cmTryCompileExec2015954877.dir/CMakeCXXCompilerABI.cpp.o -lstdc++ -lm -lgomp -lgcc_s -lgcc -lpthread -lc -lgcc_s -lgcc /usr/lib/gcc/x86_64-linux-gnu/4.7/crtend.o /usr/lib/gcc/x86_64-linux-gnu/4.7/../../../x86_64-linux-gnu/crtn.o]
    arg [/usr/lib/gcc/x86_64-linux-gnu/4.7/collect2] ==> ignore
    arg [--sysroot=/] ==> ignore
    arg [--build-id] ==> ignore
    arg [--eh-frame-hdr] ==> ignore
    arg [-m] ==> ignore
    arg [elf_x86_64] ==> ignore
    arg [--hash-style=gnu] ==> ignore
    arg [--as-needed] ==> ignore
    arg [-export-dynamic] ==> ignore
    arg [-dynamic-linker] ==> ignore
    arg [/lib64/ld-linux-x86-64.so.2] ==> ignore
    arg [-zrelro] ==> ignore
    arg [-o] ==> ignore
    arg [cmTryCompileExec2015954877] ==> ignore
    arg [/usr/lib/gcc/x86_64-linux-gnu/4.7/../../../x86_64-linux-gnu/crt1.o] ==> ignore
    arg [/usr/lib/gcc/x86_64-linux-gnu/4.7/../../../x86_64-linux-gnu/crti.o] ==> ignore
    arg [/usr/lib/gcc/x86_64-linux-gnu/4.7/crtbegin.o] ==> ignore
    arg [-L/usr/lib/gcc/x86_64-linux-gnu/4.7] ==> dir [/usr/lib/gcc/x86_64-linux-gnu/4.7]
    arg [-L/usr/lib/gcc/x86_64-linux-gnu/4.7/../../../x86_64-linux-gnu] ==> dir [/usr/lib/gcc/x86_64-linux-gnu/4.7/../../../x86_64-linux-gnu]
    arg [-L/usr/lib/gcc/x86_64-linux-gnu/4.7/../../../../lib] ==> dir [/usr/lib/gcc/x86_64-linux-gnu/4.7/../../../../lib]
    arg [-L/lib/x86_64-linux-gnu] ==> dir [/lib/x86_64-linux-gnu]
    arg [-L/lib/../lib] ==> dir [/lib/../lib]
    arg [-L/usr/lib/x86_64-linux-gnu] ==> dir [/usr/lib/x86_64-linux-gnu]
    arg [-L/usr/lib/../lib] ==> dir [/usr/lib/../lib]
    arg [-L/opt/compilers_and_libraries_2016.2.181/linux/compiler/lib/intel64] ==> dir [/opt/compilers_and_libraries_2016.2.181/linux/compiler/lib/intel64]
    arg [-L/opt/compilers_and_libraries_2016.2.181/linux/mkl/lib/intel64] ==> dir [/opt/compilers_and_libraries_2016.2.181/linux/mkl/lib/intel64]
    arg [-L/opt/compilers_and_libraries_2016.2.181/linux/ipp/lib/intel64] ==> dir [/opt/compilers_and_libraries_2016.2.181/linux/ipp/lib/intel64]
    arg [-L/opt/compilers_and_libraries_2016.2.181/linux/compiler/lib/intel64] ==> dir [/opt/compilers_and_libraries_2016.2.181/linux/compiler/lib/intel64]
    arg [-L/opt/compilers_and_libraries_2016.2.181/linux/mkl/lib/intel64] ==> dir [/opt/compilers_and_libraries_2016.2.181/linux/mkl/lib/intel64]
    arg [-L/opt/compilers_and_libraries_2016.2.181/linux/tbb/lib/intel64/gcc4.4] ==> dir [/opt/compilers_and_libraries_2016.2.181/linux/tbb/lib/intel64/gcc4.4]
    arg [-L/opt/compilers_and_libraries_2016.2.181/linux/daal/lib/intel64_lin] ==> dir [/opt/compilers_and_libraries_2016.2.181/linux/daal/lib/intel64_lin]
    arg [-L/opt/compilers_and_libraries_2016.2.181/linux/daal/../tbb/lib/intel64_lin/gcc4.4] ==> dir [/opt/compilers_and_libraries_2016.2.181/linux/daal/../tbb/lib/intel64_lin/gcc4.4]
    arg [-L/opt/compilers_and_libraries_2016.2.181/linux/daal/../compiler/lib/intel64_lin] ==> dir [/opt/compilers_and_libraries_2016.2.181/linux/daal/../compiler/lib/intel64_lin]
    arg [-L/usr/lib/gcc/x86_64-linux-gnu/4.7/../../..] ==> dir [/usr/lib/gcc/x86_64-linux-gnu/4.7/../../..]
    arg [CMakeFiles/cmTryCompileExec2015954877.dir/CMakeCXXCompilerABI.cpp.o] ==> ignore
    arg [-lstdc++] ==> lib [stdc++]
    arg [-lm] ==> lib [m]
    arg [-lgomp] ==> lib [gomp]
    arg [-lgcc_s] ==> lib [gcc_s]
    arg [-lgcc] ==> lib [gcc]
    arg [-lpthread] ==> lib [pthread]
    arg [-lc] ==> lib [c]
    arg [-lgcc_s] ==> lib [gcc_s]
    arg [-lgcc] ==> lib [gcc]
    arg [/usr/lib/gcc/x86_64-linux-gnu/4.7/crtend.o] ==> ignore
    arg [/usr/lib/gcc/x86_64-linux-gnu/4.7/../../../x86_64-linux-gnu/crtn.o] ==> ignore
  remove lib [gcc_s]
  remove lib [gcc]
  remove lib [gcc_s]
  remove lib [gcc]
  collapse library dir [/usr/lib/gcc/x86_64-linux-gnu/4.7] ==> [/usr/lib/gcc/x86_64-linux-gnu/4.7]
  collapse library dir [/usr/lib/gcc/x86_64-linux-gnu/4.7/../../../x86_64-linux-gnu] ==> [/usr/lib/x86_64-linux-gnu]
  collapse library dir [/usr/lib/gcc/x86_64-linux-gnu/4.7/../../../../lib] ==> [/usr/lib]
  collapse library dir [/lib/x86_64-linux-gnu] ==> [/lib/x86_64-linux-gnu]
  collapse library dir [/lib/../lib] ==> [/lib]
  collapse library dir [/usr/lib/x86_64-linux-gnu] ==> [/usr/lib/x86_64-linux-gnu]
  collapse library dir [/usr/lib/../lib] ==> [/usr/lib]
  collapse library dir [/opt/compilers_and_libraries_2016.2.181/linux/compiler/lib/intel64] ==> [/opt/compilers_and_libraries_2016.2.181/linux/compiler/lib/intel64]
  collapse library dir [/opt/compilers_and_libraries_2016.2.181/linux/mkl/lib/intel64] ==> [/opt/compilers_and_libraries_2016.2.181/linux/mkl/lib/intel64]
  collapse library dir [/opt/compilers_and_libraries_2016.2.181/linux/ipp/lib/intel64] ==> [/opt/compilers_and_libraries_2016.2.181/linux/ipp/lib/intel64]
  collapse library dir [/opt/compilers_and_libraries_2016.2.181/linux/compiler/lib/intel64] ==> [/opt/compilers_and_libraries_2016.2.181/linux/compiler/lib/intel64]
  collapse library dir [/opt/compilers_and_libraries_2016.2.181/linux/mkl/lib/intel64] ==> [/opt/compilers_and_libraries_2016.2.181/linux/mkl/lib/intel64]
  collapse library dir [/opt/compilers_and_libraries_2016.2.181/linux/tbb/lib/intel64/gcc4.4] ==> [/opt/compilers_and_libraries_2016.2.181/linux/tbb/lib/intel64/gcc4.4]
  collapse library dir [/opt/compilers_and_libraries_2016.2.181/linux/daal/lib/intel64_lin] ==> [/opt/compilers_and_libraries_2016.2.181/linux/daal/lib/intel64_lin]
  collapse library dir [/opt/compilers_and_libraries_2016.2.181/linux/daal/../tbb/lib/intel64_lin/gcc4.4] ==> [/opt/compilers_and_libraries_2016.2.181/linux/tbb/lib/intel64_lin/gcc4.4]
  collapse library dir [/opt/compilers_and_libraries_2016.2.181/linux/daal/../compiler/lib/intel64_lin] ==> [/opt/compilers_and_libraries_2016.2.181/linux/compiler/lib/intel64_lin]
  collapse library dir [/usr/lib/gcc/x86_64-linux-gnu/4.7/../../..] ==> [/usr/lib]
  implicit libs: [stdc++;m;gomp;pthread;c]
  implicit dirs: [/usr/lib/gcc/x86_64-linux-gnu/4.7;/usr/lib/x86_64-linux-gnu;/usr/lib;/lib/x86_64-linux-gnu;/lib;/opt/compilers_and_libraries_2016.2.181/linux/compiler/lib/intel64;/opt/compilers_and_libraries_2016.2.181/linux/mkl/lib/intel64;/opt/compilers_and_libraries_2016.2.181/linux/ipp/lib/intel64;/opt/compilers_and_libraries_2016.2.181/linux/tbb/lib/intel64/gcc4.4;/opt/compilers_and_libraries_2016.2.181/linux/daal/lib/intel64_lin;/opt/compilers_and_libraries_2016.2.181/linux/tbb/lib/intel64_lin/gcc4.4;/opt/compilers_and_libraries_2016.2.181/linux/compiler/lib/intel64_lin]
  implicit fwks: []




Detecting CXX [-std=c++11] compiler features compiled with the following output:
Change Dir: /home/jli/Work/SpTOL/build/CMakeFiles/CMakeTmp

Run Build Command:"/usr/bin/make" "cmTryCompileExec2571433538/fast"
make[1]: Entering directory `/home/jli/Work/SpTOL/build/CMakeFiles/CMakeTmp'
/usr/bin/make -f CMakeFiles/cmTryCompileExec2571433538.dir/build.make CMakeFiles/cmTryCompileExec2571433538.dir/build
make[2]: Entering directory `/home/jli/Work/SpTOL/build/CMakeFiles/CMakeTmp'
/usr/bin/cmake -E cmake_progress_report /home/jli/Work/SpTOL/build/CMakeFiles/CMakeTmp/CMakeFiles 1
Building CXX object CMakeFiles/cmTryCompileExec2571433538.dir/feature_tests.cxx.o
/usr/bin/c++    -Wall -Wextra -fopenmp -g -fPIC    -std=c++11 -o CMakeFiles/cmTryCompileExec2571433538.dir/feature_tests.cxx.o -c /home/jli/Work/SpTOL/build/CMakeFiles/feature_tests.cxx
Linking CXX executable cmTryCompileExec2571433538
/usr/bin/cmake -E cmake_link_script CMakeFiles/cmTryCompileExec2571433538.dir/link.txt --verbose=1
/usr/bin/c++   -Wall -Wextra -fopenmp -g -fPIC     CMakeFiles/cmTryCompileExec2571433538.dir/feature_tests.cxx.o  -o cmTryCompileExec2571433538 -rdynamic 
make[2]: Leaving directory `/home/jli/Work/SpTOL/build/CMakeFiles/CMakeTmp'
make[1]: Leaving directory `/home/jli/Work/SpTOL/build/CMakeFiles/CMakeTmp'


    Feature record: CXX_FEATURE:0cxx_aggregate_default_initializers
    Feature record: CXX_FEATURE:1cxx_alias_templates
    Feature record: CXX_FEATURE:0cxx_alignas
    Feature record: CXX_FEATURE:0cxx_alignof
    Feature record: CXX_FEATURE:0cxx_attributes
    Feature record: CXX_FEATURE:0cxx_attribute_deprecated
    Feature record: CXX_FEATURE:1cxx_auto_type
    Feature record: CXX_FEATURE:0cxx_binary_literals
    Feature record: CXX_FEATURE:1cxx_constexpr
    Feature record: CXX_FEATURE:0cxx_contextual_conversions
    Feature record: CXX_FEATURE:1cxx_decltype
    Feature record: CXX_FEATURE:0cxx_decltype_auto
    Feature record: CXX_FEATURE:0cxx_decltype_incomplete_return_types
    Feature record: CXX_FEATURE:1cxx_default_function_template_args
    Feature record: CXX_FEATURE:1cxx_defaulted_functions
    Feature record: CXX_FEATURE:1cxx_defaulted_move_initializers
    Feature record: CXX_FEATURE:1cxx_delegating_constructors
    Feature record: CXX_FEATURE:1cxx_deleted_functions
    Feature record: CXX_FEATURE:0cxx_digit_separators
    Feature record: CXX_FEATURE:1cxx_enum_forward_declarations
    Feature record: CXX_FEATURE:1cxx_explicit_conversions
    Feature record: CXX_FEATURE:1cxx_extended_friend_declarations
    Feature record: CXX_FEATURE:1cxx_extern_templates
    Feature record: CXX_FEATURE:1cxx_final
    Feature record: CXX_FEATURE:1cxx_func_identifier
    Feature record: CXX_FEATURE:1cxx_generalized_initializers
    Feature record: CXX_FEATURE:0cxx_generic_lambdas
    Feature record: CXX_FEATURE:0cxx_inheriting_constructors
    Feature record: CXX_FEATURE:1cxx_inline_namespaces
    Feature record: CXX_FEATURE:1cxx_lambdas
    Feature record: CXX_FEATURE:0cxx_lambda_init_captures
    Feature record: CXX_FEATURE:1cxx_local_type_template_args
    Feature record: CXX_FEATURE:1cxx_long_long_type
    Feature record: CXX_FEATURE:1cxx_noexcept
    Feature record: CXX_FEATURE:1cxx_nonstatic_member_init
    Feature record: CXX_FEATURE:1cxx_nullptr
    Feature record: CXX_FEATURE:1cxx_override
    Feature record: CXX_FEATURE:1cxx_range_for
    Feature record: CXX_FEATURE:1cxx_raw_string_literals
    Feature record: CXX_FEATURE:0cxx_reference_qualified_functions
    Feature record: CXX_FEATURE:0cxx_relaxed_constexpr
    Feature record: CXX_FEATURE:0cxx_return_type_deduction
    Feature record: CXX_FEATURE:1cxx_right_angle_brackets
    Feature record: CXX_FEATURE:1cxx_rvalue_references
    Feature record: CXX_FEATURE:1cxx_sizeof_member
    Feature record: CXX_FEATURE:1cxx_static_assert
    Feature record: CXX_FEATURE:1cxx_strong_enums
    Feature record: CXX_FEATURE:1cxx_template_template_parameters
    Feature record: CXX_FEATURE:0cxx_thread_local
    Feature record: CXX_FEATURE:1cxx_trailing_return_types
    Feature record: CXX_FEATURE:1cxx_unicode_literals
    Feature record: CXX_FEATURE:1cxx_uniform_initialization
    Feature record: CXX_FEATURE:1cxx_unrestricted_unions
    Feature record: CXX_FEATURE:1cxx_user_literals
    Feature record: CXX_FEATURE:0cxx_variable_templates
    Feature record: CXX_FEATURE:1cxx_variadic_macros
    Feature record: CXX_FEATURE:1cxx_variadic_templates


Detecting CXX [-std=c++98] compiler features compiled with the following output:
Change Dir: /home/jli/Work/SpTOL/build/CMakeFiles/CMakeTmp

Run Build Command:"/usr/bin/make" "cmTryCompileExec4244323838/fast"
make[1]: Entering directory `/home/jli/Work/SpTOL/build/CMakeFiles/CMakeTmp'
/usr/bin/make -f CMakeFiles/cmTryCompileExec4244323838.dir/build.make CMakeFiles/cmTryCompileExec4244323838.dir/build
make[2]: Entering directory `/home/jli/Work/SpTOL/build/CMakeFiles/CMakeTmp'
/usr/bin/cmake -E cmake_progress_report /home/jli/Work/SpTOL/build/CMakeFiles/CMakeTmp/CMakeFiles 1
Building CXX object CMakeFiles/cmTryCompileExec4244323838.dir/feature_tests.cxx.o
/usr/bin/c++    -Wall -Wextra -fopenmp -g -fPIC    -std=c++98 -o CMakeFiles/cmTryCompileExec4244323838.dir/feature_tests.cxx.o -c /home/jli/Work/SpTOL/build/CMakeFiles/feature_tests.cxx
Linking CXX executable cmTryCompileExec4244323838
/usr/bin/cmake -E cmake_link_script CMakeFiles/cmTryCompileExec4244323838.dir/link.txt --verbose=1
/usr/bin/c++   -Wall -Wextra -fopenmp -g -fPIC     CMakeFiles/cmTryCompileExec4244323838.dir/feature_tests.cxx.o  -o cmTryCompileExec4244323838 -rdynamic 
make[2]: Leaving directory `/home/jli/Work/SpTOL/build/CMakeFiles/CMakeTmp'
make[1]: Leaving directory `/home/jli/Work/SpTOL/build/CMakeFiles/CMakeTmp'


    Feature record: CXX_FEATURE:0cxx_aggregate_default_initializers
    Feature record: CXX_FEATURE:0cxx_alias_templates
    Feature record: CXX_FEATURE:0cxx_alignas
    Feature record: CXX_FEATURE:0cxx_alignof
    Feature record: CXX_FEATURE:0cxx_attributes
    Feature record: CXX_FEATURE:0cxx_attribute_deprecated
    Feature record: CXX_FEATURE:0cxx_auto_type
    Feature record: CXX_FEATURE:0cxx_binary_literals
    Feature record: CXX_FEATURE:0cxx_constexpr
    Feature record: CXX_FEATURE:0cxx_contextual_conversions
    Feature record: CXX_FEATURE:0cxx_decltype
    Feature record: CXX_FEATURE:0cxx_decltype_auto
    Feature record: CXX_FEATURE:0cxx_decltype_incomplete_return_types
    Feature record: CXX_FEATURE:0cxx_default_function_template_args
    Feature record: CXX_FEATURE:0cxx_defaulted_functions
    Feature record: CXX_FEATURE:0cxx_defaulted_move_initializers
    Feature record: CXX_FEATURE:0cxx_delegating_constructors
    Feature record: CXX_FEATURE:0cxx_deleted_functions
    Feature record: CXX_FEATURE:0cxx_digit_separators
    Feature record: CXX_FEATURE:0cxx_enum_forward_declarations
    Feature record: CXX_FEATURE:0cxx_explicit_conversions
    Feature record: CXX_FEATURE:0cxx_extended_friend_declarations
    Feature record: CXX_FEATURE:0cxx_extern_templates
    Feature record: CXX_FEATURE:0cxx_final
    Feature record: CXX_FEATURE:0cxx_func_identifier
    Feature record: CXX_FEATURE:0cxx_generalized_initializers
    Feature record: CXX_FEATURE:0cxx_generic_lambdas
    Feature record: CXX_FEATURE:0cxx_inheriting_constructors
    Feature record: CXX_FEATURE:0cxx_inline_namespaces
    Feature record: CXX_FEATURE:0cxx_lambdas
    Feature record: CXX_FEATURE:0cxx_lambda_init_captures
    Feature record: CXX_FEATURE:0cxx_local_type_template_args
    Feature record: CXX_FEATURE:0cxx_long_long_type
    Feature record: CXX_FEATURE:0cxx_noexcept
    Feature record: CXX_FEATURE:0cxx_nonstatic_member_init
    Feature record: CXX_FEATURE:0cxx_nullptr
    Feature record: CXX_FEATURE:0cxx_override
    Feature record: CXX_FEATURE:0cxx_range_for
    Feature record: CXX_FEATURE:0cxx_raw_string_literals
    Feature record: CXX_FEATURE:0cxx_reference_qualified_functions
    Feature record: CXX_FEATURE:0cxx_relaxed_constexpr
    Feature record: CXX_FEATURE:0cxx_return_type_deduction
    Feature record: CXX_FEATURE:0cxx_right_angle_brackets
    Feature record: CXX_FEATURE:0cxx_rvalue_references
    Feature record: CXX_FEATURE:0cxx_sizeof_member
    Feature record: CXX_FEATURE:0cxx_static_assert
    Feature record: CXX_FEATURE:0cxx_strong_enums
    Feature record: CXX_FEATURE:1cxx_template_template_parameters
    Feature record: CXX_FEATURE:0cxx_thread_local
    Feature record: CXX_FEATURE:0cxx_trailing_return_types
    Feature record: CXX_FEATURE:0cxx_unicode_literals
    Feature record: CXX_FEATURE:0cxx_uniform_initialization
    Feature record: CXX_FEATURE:0cxx_unrestricted_unions
    Feature record: CXX_FEATURE:0cxx_user_literals
    Feature record: CXX_FEATURE:0cxx_variable_templates
    Feature record: CXX_FEATURE:0cxx_variadic_macros
    Feature record: CXX_FEATURE:0cxx_variadic_templates
